2014/05/20 11:35:41 [error] [exception.CException] exception 'CException' with message 'CAssetManager.basePath "/Users/macbookair/wproject/yii-1.1.14.f0fee9/demos/blog/assets" is invalid. Please make sure the directory exists and is writable by the Web server process.' in /Users/macbookair/wproject/yii-1.1.14.f0fee9/framework/web/CAssetManager.php:138
Stack trace:
#0 /Users/macbookair/wproject/yii-1.1.14.f0fee9/framework/web/CAssetManager.php(123): CAssetManager->setBasePath('/Users/macbooka...')
#1 /Users/macbookair/wproject/yii-1.1.14.f0fee9/framework/web/CAssetManager.php(217): CAssetManager->getBasePath()
#2 /Users/macbookair/wproject/yii-1.1.14.f0fee9/framework/zii/widgets/CListView.php(217): CAssetManager->publish('/Users/macbooka...')
#3 /Users/macbookair/wproject/yii-1.1.14.f0fee9/framework/web/CBaseController.php(147): CListView->init()
#4 /Users/macbookair/wproject/yii-1.1.14.f0fee9/framework/web/CBaseController.php(172): CBaseController->createWidget('zii.widgets.CLi...', Array)
#5 /Users/macbookair/wproject/yii-1.1.14.f0fee9/demos/blog/protected/views/post/index.php(9): CBaseController->widget('zii.widgets.CLi...', Array)
#6 /Users/macbookair/wproject/yii-1.1.14.f0fee9/framework/web/CBaseController.php(126): require('/Users/macbooka...')
#7 /Users/macbookair/wproject/yii-1.1.14.f0fee9/framework/web/CBaseController.php(95): CBaseController->renderInternal('/Users/macbooka...', Array, true)
#8 /Users/macbookair/wproject/yii-1.1.14.f0fee9/framework/web/CController.php(869): CBaseController->renderFile('/Users/macbooka...', Array, true)
#9 /Users/macbookair/wproject/yii-1.1.14.f0fee9/framework/web/CController.php(782): CController->renderPartial('index', Array, true)
#10 /Users/macbookair/wproject/yii-1.1.14.f0fee9/demos/blog/protected/controllers/PostController.php(136): CController->render('index', Array)
#11 /Users/macbookair/wproject/yii-1.1.14.f0fee9/framework/web/actions/CInlineAction.php(49): PostController->actionIndex()
#12 /Users/macbookair/wproject/yii-1.1.14.f0fee9/framework/web/CController.php(308): CInlineAction->runWithParams(Array)
#13 /Users/macbookair/wproject/yii-1.1.14.f0fee9/framework/web/filters/CFilterChain.php(133): CController->runAction(Object(CInlineAction))
#14 /Users/macbookair/wproject/yii-1.1.14.f0fee9/framework/web/filters/CFilter.php(40): CFilterChain->run()
#15 /Users/macbookair/wproject/yii-1.1.14.f0fee9/framework/web/CController.php(1145): CFilter->filter(Object(CFilterChain))
#16 /Users/macbookair/wproject/yii-1.1.14.f0fee9/framework/web/filters/CInlineFilter.php(58): CController->filterAccessControl(Object(CFilterChain))
#17 /Users/macbookair/wproject/yii-1.1.14.f0fee9/framework/web/filters/CFilterChain.php(130): CInlineFilter->filter(Object(CFilterChain))
#18 /Users/macbookair/wproject/yii-1.1.14.f0fee9/framework/web/CController.php(291): CFilterChain->run()
#19 /Users/macbookair/wproject/yii-1.1.14.f0fee9/framework/web/CController.php(265): CController->runActionWithFilters(Object(CInlineAction), Array)
#20 /Users/macbookair/wproject/yii-1.1.14.f0fee9/framework/web/CWebApplication.php(282): CController->run('index')
#21 /Users/macbookair/wproject/yii-1.1.14.f0fee9/framework/web/CWebApplication.php(141): CWebApplication->runController('post/index')
#22 /Users/macbookair/wproject/yii-1.1.14.f0fee9/framework/base/CApplication.php(180): CWebApplication->processRequest()
#23 /Users/macbookair/wproject/yii-1.1.14.f0fee9/demos/blog/index.php(11): CApplication->run()
#24 {main}
REQUEST_URI=/yii-1.1.14.f0fee9/demos/blog/index.php/post/index
HTTP_REFERER=http://thuna.local/yii-1.1.14.f0fee9/demos/blog/index.php/post/index
---
2014/05/20 11:35:42 [error] [exception.CException] exception 'CException' with message 'CAssetManager.basePath "/Users/macbookair/wproject/yii-1.1.14.f0fee9/demos/blog/assets" is invalid. Please make sure the directory exists and is writable by the Web server process.' in /Users/macbookair/wproject/yii-1.1.14.f0fee9/framework/web/CAssetManager.php:138
Stack trace:
#0 /Users/macbookair/wproject/yii-1.1.14.f0fee9/framework/web/CAssetManager.php(123): CAssetManager->setBasePath('/Users/macbooka...')
#1 /Users/macbookair/wproject/yii-1.1.14.f0fee9/framework/web/CAssetManager.php(217): CAssetManager->getBasePath()
#2 /Users/macbookair/wproject/yii-1.1.14.f0fee9/framework/zii/widgets/CListView.php(217): CAssetManager->publish('/Users/macbooka...')
#3 /Users/macbookair/wproject/yii-1.1.14.f0fee9/framework/web/CBaseController.php(147): CListView->init()
#4 /Users/macbookair/wproject/yii-1.1.14.f0fee9/framework/web/CBaseController.php(172): CBaseController->createWidget('zii.widgets.CLi...', Array)
#5 /Users/macbookair/wproject/yii-1.1.14.f0fee9/demos/blog/protected/views/post/index.php(9): CBaseController->widget('zii.widgets.CLi...', Array)
#6 /Users/macbookair/wproject/yii-1.1.14.f0fee9/framework/web/CBaseController.php(126): require('/Users/macbooka...')
#7 /Users/macbookair/wproject/yii-1.1.14.f0fee9/framework/web/CBaseController.php(95): CBaseController->renderInternal('/Users/macbooka...', Array, true)
#8 /Users/macbookair/wproject/yii-1.1.14.f0fee9/framework/web/CController.php(869): CBaseController->renderFile('/Users/macbooka...', Array, true)
#9 /Users/macbookair/wproject/yii-1.1.14.f0fee9/framework/web/CController.php(782): CController->renderPartial('index', Array, true)
#10 /Users/macbookair/wproject/yii-1.1.14.f0fee9/demos/blog/protected/controllers/PostController.php(136): CController->render('index', Array)
#11 /Users/macbookair/wproject/yii-1.1.14.f0fee9/framework/web/actions/CInlineAction.php(49): PostController->actionIndex()
#12 /Users/macbookair/wproject/yii-1.1.14.f0fee9/framework/web/CController.php(308): CInlineAction->runWithParams(Array)
#13 /Users/macbookair/wproject/yii-1.1.14.f0fee9/framework/web/filters/CFilterChain.php(133): CController->runAction(Object(CInlineAction))
#14 /Users/macbookair/wproject/yii-1.1.14.f0fee9/framework/web/filters/CFilter.php(40): CFilterChain->run()
#15 /Users/macbookair/wproject/yii-1.1.14.f0fee9/framework/web/CController.php(1145): CFilter->filter(Object(CFilterChain))
#16 /Users/macbookair/wproject/yii-1.1.14.f0fee9/framework/web/filters/CInlineFilter.php(58): CController->filterAccessControl(Object(CFilterChain))
#17 /Users/macbookair/wproject/yii-1.1.14.f0fee9/framework/web/filters/CFilterChain.php(130): CInlineFilter->filter(Object(CFilterChain))
#18 /Users/macbookair/wproject/yii-1.1.14.f0fee9/framework/web/CController.php(291): CFilterChain->run()
#19 /Users/macbookair/wproject/yii-1.1.14.f0fee9/framework/web/CController.php(265): CController->runActionWithFilters(Object(CInlineAction), Array)
#20 /Users/macbookair/wproject/yii-1.1.14.f0fee9/framework/web/CWebApplication.php(282): CController->run('index')
#21 /Users/macbookair/wproject/yii-1.1.14.f0fee9/framework/web/CWebApplication.php(141): CWebApplication->runController('post/index')
#22 /Users/macbookair/wproject/yii-1.1.14.f0fee9/framework/base/CApplication.php(180): CWebApplication->processRequest()
#23 /Users/macbookair/wproject/yii-1.1.14.f0fee9/demos/blog/index.php(11): CApplication->run()
#24 {main}
REQUEST_URI=/yii-1.1.14.f0fee9/demos/blog/index.php/post/index
HTTP_REFERER=http://thuna.local/yii-1.1.14.f0fee9/demos/blog/index.php/post/index
---
2014/05/20 11:36:25 [error] [php] date(): It is not safe to rely on the system's timezone settings. You are *required* to use the date.timezone setting or the date_default_timezone_set() function. In case you used any of those methods and you are still getting this warning, you most likely misspelled the timezone identifier. We selected the timezone 'UTC' for now, but please set date.timezone to select your timezone. (/Users/macbookair/wproject/yii-1.1.14.f0fee9/demos/blog/protected/views/post/_view.php:6)
Stack trace:
#0 /Users/macbookair/wproject/yii-1.1.14.f0fee9/framework/web/CBaseController.php(95): PostController->renderInternal()
#1 /Users/macbookair/wproject/yii-1.1.14.f0fee9/framework/zii/widgets/CListView.php(291): PostController->renderFile()
#2 /Users/macbookair/wproject/yii-1.1.14.f0fee9/framework/zii/widgets/CBaseListView.php(167): CListView->renderItems()
#3 unknown(0): CListView->renderSection()
#4 /Users/macbookair/wproject/yii-1.1.14.f0fee9/framework/zii/widgets/CBaseListView.php(150): preg_replace_callback()
#5 /Users/macbookair/wproject/yii-1.1.14.f0fee9/framework/zii/widgets/CBaseListView.php(135): CListView->renderContent()
#6 /Users/macbookair/wproject/yii-1.1.14.f0fee9/framework/web/CBaseController.php(173): CListView->run()
#7 /Users/macbookair/wproject/yii-1.1.14.f0fee9/demos/blog/protected/views/post/index.php(9): PostController->widget()
#8 /Users/macbookair/wproject/yii-1.1.14.f0fee9/framework/web/CBaseController.php(126): require()
#9 /Users/macbookair/wproject/yii-1.1.14.f0fee9/framework/web/CBaseController.php(95): PostController->renderInternal()
#10 /Users/macbookair/wproject/yii-1.1.14.f0fee9/framework/web/CController.php(869): PostController->renderFile()
#11 /Users/macbookair/wproject/yii-1.1.14.f0fee9/framework/web/CController.php(782): PostController->renderPartial()
#12 /Users/macbookair/wproject/yii-1.1.14.f0fee9/demos/blog/protected/controllers/PostController.php(136): PostController->render()
#13 /Users/macbookair/wproject/yii-1.1.14.f0fee9/framework/web/actions/CInlineAction.php(49): PostController->actionIndex()
#14 /Users/macbookair/wproject/yii-1.1.14.f0fee9/framework/web/CController.php(308): CInlineAction->runWithParams()
#15 /Users/macbookair/wproject/yii-1.1.14.f0fee9/framework/web/filters/CFilterChain.php(133): PostController->runAction()
#16 /Users/macbookair/wproject/yii-1.1.14.f0fee9/framework/web/filters/CFilter.php(40): CFilterChain->run()
#17 /Users/macbookair/wproject/yii-1.1.14.f0fee9/framework/web/CController.php(1145): CAccessControlFilter->filter()
#18 /Users/macbookair/wproject/yii-1.1.14.f0fee9/framework/web/filters/CInlineFilter.php(58): PostController->filterAccessControl()
#19 /Users/macbookair/wproject/yii-1.1.14.f0fee9/framework/web/filters/CFilterChain.php(130): CInlineFilter->filter()
#20 /Users/macbookair/wproject/yii-1.1.14.f0fee9/framework/web/CController.php(291): CFilterChain->run()
#21 /Users/macbookair/wproject/yii-1.1.14.f0fee9/framework/web/CController.php(265): PostController->runActionWithFilters()
#22 /Users/macbookair/wproject/yii-1.1.14.f0fee9/framework/web/CWebApplication.php(282): PostController->run()
#23 /Users/macbookair/wproject/yii-1.1.14.f0fee9/framework/web/CWebApplication.php(141): CWebApplication->runController()
#24 /Users/macbookair/wproject/yii-1.1.14.f0fee9/framework/base/CApplication.php(180): CWebApplication->processRequest()
#25 /Users/macbookair/wproject/yii-1.1.14.f0fee9/demos/blog/index.php(11): CWebApplication->run()
REQUEST_URI=/yii-1.1.14.f0fee9/demos/blog/index.php/post/index
2014/05/20 11:37:37 [error] [php] date(): It is not safe to rely on the system's timezone settings. You are *required* to use the date.timezone setting or the date_default_timezone_set() function. In case you used any of those methods and you are still getting this warning, you most likely misspelled the timezone identifier. We selected the timezone 'UTC' for now, but please set date.timezone to select your timezone. (/Users/macbookair/wproject/yii-1.1.14.f0fee9/demos/blog/protected/views/layouts/main.php:47)
Stack trace:
#0 /Users/macbookair/wproject/yii-1.1.14.f0fee9/framework/web/CBaseController.php(95): SiteController->renderInternal()
#1 /Users/macbookair/wproject/yii-1.1.14.f0fee9/framework/web/widgets/CContentDecorator.php(76): SiteController->renderFile()
#2 /Users/macbookair/wproject/yii-1.1.14.f0fee9/framework/web/widgets/CContentDecorator.php(54): CContentDecorator->decorate()
#3 /Users/macbookair/wproject/yii-1.1.14.f0fee9/framework/web/widgets/COutputProcessor.php(44): CContentDecorator->processOutput()
#4 /Users/macbookair/wproject/yii-1.1.14.f0fee9/framework/web/CBaseController.php(206): CContentDecorator->run()
#5 /Users/macbookair/wproject/yii-1.1.14.f0fee9/framework/web/CBaseController.php(300): SiteController->endWidget()
#6 /Users/macbookair/wproject/yii-1.1.14.f0fee9/demos/blog/protected/views/layouts/column1.php(7): SiteController->endContent()
#7 /Users/macbookair/wproject/yii-1.1.14.f0fee9/framework/web/CBaseController.php(126): require()
#8 /Users/macbookair/wproject/yii-1.1.14.f0fee9/framework/web/CBaseController.php(95): SiteController->renderInternal()
#9 /Users/macbookair/wproject/yii-1.1.14.f0fee9/framework/web/CController.php(784): SiteController->renderFile()
#10 /Users/macbookair/wproject/yii-1.1.14.f0fee9/framework/web/actions/CViewAction.php(140): SiteController->render()
#11 /Users/macbookair/wproject/yii-1.1.14.f0fee9/framework/web/actions/CAction.php(76): CViewAction->run()
#12 /Users/macbookair/wproject/yii-1.1.14.f0fee9/framework/web/CController.php(308): CViewAction->runWithParams()
#13 /Users/macbookair/wproject/yii-1.1.14.f0fee9/framework/web/CController.php(286): SiteController->runAction()
#14 /Users/macbookair/wproject/yii-1.1.14.f0fee9/framework/web/CController.php(265): SiteController->runActionWithFilters()
#15 /Users/macbookair/wproject/yii-1.1.14.f0fee9/framework/web/CWebApplication.php(282): SiteController->run()
#16 /Users/macbookair/wproject/yii-1.1.14.f0fee9/framework/web/CWebApplication.php(141): CWebApplication->runController()
#17 /Users/macbookair/wproject/yii-1.1.14.f0fee9/framework/base/CApplication.php(180): CWebApplication->processRequest()
#18 /Users/macbookair/wproject/yii-1.1.14.f0fee9/demos/blog/index.php(11): CWebApplication->run()
REQUEST_URI=/yii-1.1.14.f0fee9/demos/blog/index.php/site/page?view=about
2014/05/20 11:37:38 [error] [php] date(): It is not safe to rely on the system's timezone settings. You are *required* to use the date.timezone setting or the date_default_timezone_set() function. In case you used any of those methods and you are still getting this warning, you most likely misspelled the timezone identifier. We selected the timezone 'UTC' for now, but please set date.timezone to select your timezone. (/Users/macbookair/wproject/yii-1.1.14.f0fee9/demos/blog/protected/views/post/_view.php:6)
Stack trace:
#0 /Users/macbookair/wproject/yii-1.1.14.f0fee9/framework/web/CBaseController.php(95): PostController->renderInternal()
#1 /Users/macbookair/wproject/yii-1.1.14.f0fee9/framework/zii/widgets/CListView.php(291): PostController->renderFile()
#2 /Users/macbookair/wproject/yii-1.1.14.f0fee9/framework/zii/widgets/CBaseListView.php(167): CListView->renderItems()
#3 unknown(0): CListView->renderSection()
#4 /Users/macbookair/wproject/yii-1.1.14.f0fee9/framework/zii/widgets/CBaseListView.php(150): preg_replace_callback()
#5 /Users/macbookair/wproject/yii-1.1.14.f0fee9/framework/zii/widgets/CBaseListView.php(135): CListView->renderContent()
#6 /Users/macbookair/wproject/yii-1.1.14.f0fee9/framework/web/CBaseController.php(173): CListView->run()
#7 /Users/macbookair/wproject/yii-1.1.14.f0fee9/demos/blog/protected/views/post/index.php(9): PostController->widget()
#8 /Users/macbookair/wproject/yii-1.1.14.f0fee9/framework/web/CBaseController.php(126): require()
#9 /Users/macbookair/wproject/yii-1.1.14.f0fee9/framework/web/CBaseController.php(95): PostController->renderInternal()
#10 /Users/macbookair/wproject/yii-1.1.14.f0fee9/framework/web/CController.php(869): PostController->renderFile()
#11 /Users/macbookair/wproject/yii-1.1.14.f0fee9/framework/web/CController.php(782): PostController->renderPartial()
#12 /Users/macbookair/wproject/yii-1.1.14.f0fee9/demos/blog/protected/controllers/PostController.php(136): PostController->render()
#13 /Users/macbookair/wproject/yii-1.1.14.f0fee9/framework/web/actions/CInlineAction.php(49): PostController->actionIndex()
#14 /Users/macbookair/wproject/yii-1.1.14.f0fee9/framework/web/CController.php(308): CInlineAction->runWithParams()
#15 /Users/macbookair/wproject/yii-1.1.14.f0fee9/framework/web/filters/CFilterChain.php(133): PostController->runAction()
#16 /Users/macbookair/wproject/yii-1.1.14.f0fee9/framework/web/filters/CFilter.php(40): CFilterChain->run()
#17 /Users/macbookair/wproject/yii-1.1.14.f0fee9/framework/web/CController.php(1145): CAccessControlFilter->filter()
#18 /Users/macbookair/wproject/yii-1.1.14.f0fee9/framework/web/filters/CInlineFilter.php(58): PostController->filterAccessControl()
#19 /Users/macbookair/wproject/yii-1.1.14.f0fee9/framework/web/filters/CFilterChain.php(130): CInlineFilter->filter()
#20 /Users/macbookair/wproject/yii-1.1.14.f0fee9/framework/web/CController.php(291): CFilterChain->run()
#21 /Users/macbookair/wproject/yii-1.1.14.f0fee9/framework/web/CController.php(265): PostController->runActionWithFilters()
#22 /Users/macbookair/wproject/yii-1.1.14.f0fee9/framework/web/CWebApplication.php(282): PostController->run()
#23 /Users/macbookair/wproject/yii-1.1.14.f0fee9/framework/web/CWebApplication.php(141): CWebApplication->runController()
#24 /Users/macbookair/wproject/yii-1.1.14.f0fee9/framework/base/CApplication.php(180): CWebApplication->processRequest()
#25 /Users/macbookair/wproject/yii-1.1.14.f0fee9/demos/blog/index.php(11): CWebApplication->run()
REQUEST_URI=/yii-1.1.14.f0fee9/demos/blog/index.php/post/index
2014/05/20 11:38:08 [error] [php] date(): It is not safe to rely on the system's timezone settings. You are *required* to use the date.timezone setting or the date_default_timezone_set() function. In case you used any of those methods and you are still getting this warning, you most likely misspelled the timezone identifier. We selected the timezone 'UTC' for now, but please set date.timezone to select your timezone. (/Users/macbookair/wproject/yii-1.1.14.f0fee9/demos/blog/protected/views/post/_view.php:6)
Stack trace:
#0 /Users/macbookair/wproject/yii-1.1.14.f0fee9/framework/web/CBaseController.php(95): PostController->renderInternal()
#1 /Users/macbookair/wproject/yii-1.1.14.f0fee9/framework/zii/widgets/CListView.php(291): PostController->renderFile()
#2 /Users/macbookair/wproject/yii-1.1.14.f0fee9/framework/zii/widgets/CBaseListView.php(167): CListView->renderItems()
#3 unknown(0): CListView->renderSection()
#4 /Users/macbookair/wproject/yii-1.1.14.f0fee9/framework/zii/widgets/CBaseListView.php(150): preg_replace_callback()
#5 /Users/macbookair/wproject/yii-1.1.14.f0fee9/framework/zii/widgets/CBaseListView.php(135): CListView->renderContent()
#6 /Users/macbookair/wproject/yii-1.1.14.f0fee9/framework/web/CBaseController.php(173): CListView->run()
#7 /Users/macbookair/wproject/yii-1.1.14.f0fee9/demos/blog/protected/views/post/index.php(9): PostController->widget()
#8 /Users/macbookair/wproject/yii-1.1.14.f0fee9/framework/web/CBaseController.php(126): require()
#9 /Users/macbookair/wproject/yii-1.1.14.f0fee9/framework/web/CBaseController.php(95): PostController->renderInternal()
#10 /Users/macbookair/wproject/yii-1.1.14.f0fee9/framework/web/CController.php(869): PostController->renderFile()
#11 /Users/macbookair/wproject/yii-1.1.14.f0fee9/framework/web/CController.php(782): PostController->renderPartial()
#12 /Users/macbookair/wproject/yii-1.1.14.f0fee9/demos/blog/protected/controllers/PostController.php(136): PostController->render()
#13 /Users/macbookair/wproject/yii-1.1.14.f0fee9/framework/web/actions/CInlineAction.php(49): PostController->actionIndex()
#14 /Users/macbookair/wproject/yii-1.1.14.f0fee9/framework/web/CController.php(308): CInlineAction->runWithParams()
#15 /Users/macbookair/wproject/yii-1.1.14.f0fee9/framework/web/filters/CFilterChain.php(133): PostController->runAction()
#16 /Users/macbookair/wproject/yii-1.1.14.f0fee9/framework/web/filters/CFilter.php(40): CFilterChain->run()
#17 /Users/macbookair/wproject/yii-1.1.14.f0fee9/framework/web/CController.php(1145): CAccessControlFilter->filter()
#18 /Users/macbookair/wproject/yii-1.1.14.f0fee9/framework/web/filters/CInlineFilter.php(58): PostController->filterAccessControl()
#19 /Users/macbookair/wproject/yii-1.1.14.f0fee9/framework/web/filters/CFilterChain.php(130): CInlineFilter->filter()
#20 /Users/macbookair/wproject/yii-1.1.14.f0fee9/framework/web/CController.php(291): CFilterChain->run()
#21 /Users/macbookair/wproject/yii-1.1.14.f0fee9/framework/web/CController.php(265): PostController->runActionWithFilters()
#22 /Users/macbookair/wproject/yii-1.1.14.f0fee9/framework/web/CWebApplication.php(282): PostController->run()
#23 /Users/macbookair/wproject/yii-1.1.14.f0fee9/framework/web/CWebApplication.php(141): CWebApplication->runController()
#24 /Users/macbookair/wproject/yii-1.1.14.f0fee9/framework/base/CApplication.php(180): CWebApplication->processRequest()
#25 /Users/macbookair/wproject/yii-1.1.14.f0fee9/demos/blog/index.php(11): CWebApplication->run()
REQUEST_URI=/yii-1.1.14.f0fee9/demos/blog/index.php/post/index
2014/05/20 11:38:09 [error] [php] date(): It is not safe to rely on the system's timezone settings. You are *required* to use the date.timezone setting or the date_default_timezone_set() function. In case you used any of those methods and you are still getting this warning, you most likely misspelled the timezone identifier. We selected the timezone 'UTC' for now, but please set date.timezone to select your timezone. (/Users/macbookair/wproject/yii-1.1.14.f0fee9/demos/blog/protected/views/post/_view.php:6)
Stack trace:
#0 /Users/macbookair/wproject/yii-1.1.14.f0fee9/framework/web/CBaseController.php(95): PostController->renderInternal()
#1 /Users/macbookair/wproject/yii-1.1.14.f0fee9/framework/zii/widgets/CListView.php(291): PostController->renderFile()
#2 /Users/macbookair/wproject/yii-1.1.14.f0fee9/framework/zii/widgets/CBaseListView.php(167): CListView->renderItems()
#3 unknown(0): CListView->renderSection()
#4 /Users/macbookair/wproject/yii-1.1.14.f0fee9/framework/zii/widgets/CBaseListView.php(150): preg_replace_callback()
#5 /Users/macbookair/wproject/yii-1.1.14.f0fee9/framework/zii/widgets/CBaseListView.php(135): CListView->renderContent()
#6 /Users/macbookair/wproject/yii-1.1.14.f0fee9/framework/web/CBaseController.php(173): CListView->run()
#7 /Users/macbookair/wproject/yii-1.1.14.f0fee9/demos/blog/protected/views/post/index.php(9): PostController->widget()
#8 /Users/macbookair/wproject/yii-1.1.14.f0fee9/framework/web/CBaseController.php(126): require()
#9 /Users/macbookair/wproject/yii-1.1.14.f0fee9/framework/web/CBaseController.php(95): PostController->renderInternal()
#10 /Users/macbookair/wproject/yii-1.1.14.f0fee9/framework/web/CController.php(869): PostController->renderFile()
#11 /Users/macbookair/wproject/yii-1.1.14.f0fee9/framework/web/CController.php(782): PostController->renderPartial()
#12 /Users/macbookair/wproject/yii-1.1.14.f0fee9/demos/blog/protected/controllers/PostController.php(136): PostController->render()
#13 /Users/macbookair/wproject/yii-1.1.14.f0fee9/framework/web/actions/CInlineAction.php(49): PostController->actionIndex()
#14 /Users/macbookair/wproject/yii-1.1.14.f0fee9/framework/web/CController.php(308): CInlineAction->runWithParams()
#15 /Users/macbookair/wproject/yii-1.1.14.f0fee9/framework/web/filters/CFilterChain.php(133): PostController->runAction()
#16 /Users/macbookair/wproject/yii-1.1.14.f0fee9/framework/web/filters/CFilter.php(40): CFilterChain->run()
#17 /Users/macbookair/wproject/yii-1.1.14.f0fee9/framework/web/CController.php(1145): CAccessControlFilter->filter()
#18 /Users/macbookair/wproject/yii-1.1.14.f0fee9/framework/web/filters/CInlineFilter.php(58): PostController->filterAccessControl()
#19 /Users/macbookair/wproject/yii-1.1.14.f0fee9/framework/web/filters/CFilterChain.php(130): CInlineFilter->filter()
#20 /Users/macbookair/wproject/yii-1.1.14.f0fee9/framework/web/CController.php(291): CFilterChain->run()
#21 /Users/macbookair/wproject/yii-1.1.14.f0fee9/framework/web/CController.php(265): PostController->runActionWithFilters()
#22 /Users/macbookair/wproject/yii-1.1.14.f0fee9/framework/web/CWebApplication.php(282): PostController->run()
#23 /Users/macbookair/wproject/yii-1.1.14.f0fee9/framework/web/CWebApplication.php(141): CWebApplication->runController()
#24 /Users/macbookair/wproject/yii-1.1.14.f0fee9/framework/base/CApplication.php(180): CWebApplication->processRequest()
#25 /Users/macbookair/wproject/yii-1.1.14.f0fee9/demos/blog/index.php(11): CWebApplication->run()
REQUEST_URI=/yii-1.1.14.f0fee9/demos/blog/index.php/post/index
2014/05/20 11:40:14 [error] [php] date(): It is not safe to rely on the system's timezone settings. You are *required* to use the date.timezone setting or the date_default_timezone_set() function. In case you used any of those methods and you are still getting this warning, you most likely misspelled the timezone identifier. We selected the timezone 'UTC' for now, but please set date.timezone to select your timezone. (/Users/macbookair/wproject/yii-1.1.14.f0fee9/demos/blog/protected/views/post/_view.php:6)
Stack trace:
#0 /Users/macbookair/wproject/yii-1.1.14.f0fee9/framework/web/CBaseController.php(95): PostController->renderInternal()
#1 /Users/macbookair/wproject/yii-1.1.14.f0fee9/framework/zii/widgets/CListView.php(291): PostController->renderFile()
#2 /Users/macbookair/wproject/yii-1.1.14.f0fee9/framework/zii/widgets/CBaseListView.php(167): CListView->renderItems()
#3 unknown(0): CListView->renderSection()
#4 /Users/macbookair/wproject/yii-1.1.14.f0fee9/framework/zii/widgets/CBaseListView.php(150): preg_replace_callback()
#5 /Users/macbookair/wproject/yii-1.1.14.f0fee9/framework/zii/widgets/CBaseListView.php(135): CListView->renderContent()
#6 /Users/macbookair/wproject/yii-1.1.14.f0fee9/framework/web/CBaseController.php(173): CListView->run()
#7 /Users/macbookair/wproject/yii-1.1.14.f0fee9/demos/blog/protected/views/post/index.php(9): PostController->widget()
#8 /Users/macbookair/wproject/yii-1.1.14.f0fee9/framework/web/CBaseController.php(126): require()
#9 /Users/macbookair/wproject/yii-1.1.14.f0fee9/framework/web/CBaseController.php(95): PostController->renderInternal()
#10 /Users/macbookair/wproject/yii-1.1.14.f0fee9/framework/web/CController.php(869): PostController->renderFile()
#11 /Users/macbookair/wproject/yii-1.1.14.f0fee9/framework/web/CController.php(782): PostController->renderPartial()
#12 /Users/macbookair/wproject/yii-1.1.14.f0fee9/demos/blog/protected/controllers/PostController.php(136): PostController->render()
#13 /Users/macbookair/wproject/yii-1.1.14.f0fee9/framework/web/actions/CInlineAction.php(49): PostController->actionIndex()
#14 /Users/macbookair/wproject/yii-1.1.14.f0fee9/framework/web/CController.php(308): CInlineAction->runWithParams()
#15 /Users/macbookair/wproject/yii-1.1.14.f0fee9/framework/web/filters/CFilterChain.php(133): PostController->runAction()
#16 /Users/macbookair/wproject/yii-1.1.14.f0fee9/framework/web/filters/CFilter.php(40): CFilterChain->run()
#17 /Users/macbookair/wproject/yii-1.1.14.f0fee9/framework/web/CController.php(1145): CAccessControlFilter->filter()
#18 /Users/macbookair/wproject/yii-1.1.14.f0fee9/framework/web/filters/CInlineFilter.php(58): PostController->filterAccessControl()
#19 /Users/macbookair/wproject/yii-1.1.14.f0fee9/framework/web/filters/CFilterChain.php(130): CInlineFilter->filter()
#20 /Users/macbookair/wproject/yii-1.1.14.f0fee9/framework/web/CController.php(291): CFilterChain->run()
#21 /Users/macbookair/wproject/yii-1.1.14.f0fee9/framework/web/CController.php(265): PostController->runActionWithFilters()
#22 /Users/macbookair/wproject/yii-1.1.14.f0fee9/framework/web/CWebApplication.php(282): PostController->run()
#23 /Users/macbookair/wproject/yii-1.1.14.f0fee9/framework/web/CWebApplication.php(141): CWebApplication->runController()
#24 /Users/macbookair/wproject/yii-1.1.14.f0fee9/framework/base/CApplication.php(180): CWebApplication->processRequest()
#25 /Users/macbookair/wproject/yii-1.1.14.f0fee9/demos/blog/index.php(11): CWebApplication->run()
REQUEST_URI=/yii-1.1.14.f0fee9/demos/blog/index.php/post/index
2014/05/20 11:41:52 [error] [php] date(): It is not safe to rely on the system's timezone settings. You are *required* to use the date.timezone setting or the date_default_timezone_set() function. In case you used any of those methods and you are still getting this warning, you most likely misspelled the timezone identifier. We selected the timezone 'UTC' for now, but please set date.timezone to select your timezone. (/Users/macbookair/wproject/yii-1.1.14.f0fee9/demos/blog/protected/views/post/_view.php:6)
Stack trace:
#0 /Users/macbookair/wproject/yii-1.1.14.f0fee9/framework/web/CBaseController.php(95): PostController->renderInternal()
#1 /Users/macbookair/wproject/yii-1.1.14.f0fee9/framework/zii/widgets/CListView.php(291): PostController->renderFile()
#2 /Users/macbookair/wproject/yii-1.1.14.f0fee9/framework/zii/widgets/CBaseListView.php(167): CListView->renderItems()
#3 unknown(0): CListView->renderSection()
#4 /Users/macbookair/wproject/yii-1.1.14.f0fee9/framework/zii/widgets/CBaseListView.php(150): preg_replace_callback()
#5 /Users/macbookair/wproject/yii-1.1.14.f0fee9/framework/zii/widgets/CBaseListView.php(135): CListView->renderContent()
#6 /Users/macbookair/wproject/yii-1.1.14.f0fee9/framework/web/CBaseController.php(173): CListView->run()
#7 /Users/macbookair/wproject/yii-1.1.14.f0fee9/demos/blog/protected/views/post/index.php(9): PostController->widget()
#8 /Users/macbookair/wproject/yii-1.1.14.f0fee9/framework/web/CBaseController.php(126): require()
#9 /Users/macbookair/wproject/yii-1.1.14.f0fee9/framework/web/CBaseController.php(95): PostController->renderInternal()
#10 /Users/macbookair/wproject/yii-1.1.14.f0fee9/framework/web/CController.php(869): PostController->renderFile()
#11 /Users/macbookair/wproject/yii-1.1.14.f0fee9/framework/web/CController.php(782): PostController->renderPartial()
#12 /Users/macbookair/wproject/yii-1.1.14.f0fee9/demos/blog/protected/controllers/PostController.php(136): PostController->render()
#13 /Users/macbookair/wproject/yii-1.1.14.f0fee9/framework/web/actions/CInlineAction.php(49): PostController->actionIndex()
#14 /Users/macbookair/wproject/yii-1.1.14.f0fee9/framework/web/CController.php(308): CInlineAction->runWithParams()
#15 /Users/macbookair/wproject/yii-1.1.14.f0fee9/framework/web/filters/CFilterChain.php(133): PostController->runAction()
#16 /Users/macbookair/wproject/yii-1.1.14.f0fee9/framework/web/filters/CFilter.php(40): CFilterChain->run()
#17 /Users/macbookair/wproject/yii-1.1.14.f0fee9/framework/web/CController.php(1145): CAccessControlFilter->filter()
#18 /Users/macbookair/wproject/yii-1.1.14.f0fee9/framework/web/filters/CInlineFilter.php(58): PostController->filterAccessControl()
#19 /Users/macbookair/wproject/yii-1.1.14.f0fee9/framework/web/filters/CFilterChain.php(130): CInlineFilter->filter()
#20 /Users/macbookair/wproject/yii-1.1.14.f0fee9/framework/web/CController.php(291): CFilterChain->run()
#21 /Users/macbookair/wproject/yii-1.1.14.f0fee9/framework/web/CController.php(265): PostController->runActionWithFilters()
#22 /Users/macbookair/wproject/yii-1.1.14.f0fee9/framework/web/CWebApplication.php(282): PostController->run()
#23 /Users/macbookair/wproject/yii-1.1.14.f0fee9/framework/web/CWebApplication.php(141): CWebApplication->runController()
#24 /Users/macbookair/wproject/yii-1.1.14.f0fee9/framework/base/CApplication.php(180): CWebApplication->processRequest()
#25 /Users/macbookair/wproject/yii-1.1.14.f0fee9/demos/blog/index.php(11): CWebApplication->run()
REQUEST_URI=/yii-1.1.14.f0fee9/demos/blog/index.php/post/index
2014/05/20 11:56:46 [error] [php] date(): It is not safe to rely on the system's timezone settings. You are *required* to use the date.timezone setting or the date_default_timezone_set() function. In case you used any of those methods and you are still getting this warning, you most likely misspelled the timezone identifier. We selected the timezone 'UTC' for now, but please set date.timezone to select your timezone. (/Users/macbookair/wproject/yii-1.1.14.f0fee9/demos/blog/protected/views/post/_view.php:6)
Stack trace:
#0 /Users/macbookair/wproject/yii-1.1.14.f0fee9/framework/web/CBaseController.php(95): PostController->renderInternal()
#1 /Users/macbookair/wproject/yii-1.1.14.f0fee9/framework/zii/widgets/CListView.php(291): PostController->renderFile()
#2 /Users/macbookair/wproject/yii-1.1.14.f0fee9/framework/zii/widgets/CBaseListView.php(167): CListView->renderItems()
#3 unknown(0): CListView->renderSection()
#4 /Users/macbookair/wproject/yii-1.1.14.f0fee9/framework/zii/widgets/CBaseListView.php(150): preg_replace_callback()
#5 /Users/macbookair/wproject/yii-1.1.14.f0fee9/framework/zii/widgets/CBaseListView.php(135): CListView->renderContent()
#6 /Users/macbookair/wproject/yii-1.1.14.f0fee9/framework/web/CBaseController.php(173): CListView->run()
#7 /Users/macbookair/wproject/yii-1.1.14.f0fee9/demos/blog/protected/views/post/index.php(9): PostController->widget()
#8 /Users/macbookair/wproject/yii-1.1.14.f0fee9/framework/web/CBaseController.php(126): require()
#9 /Users/macbookair/wproject/yii-1.1.14.f0fee9/framework/web/CBaseController.php(95): PostController->renderInternal()
#10 /Users/macbookair/wproject/yii-1.1.14.f0fee9/framework/web/CController.php(869): PostController->renderFile()
#11 /Users/macbookair/wproject/yii-1.1.14.f0fee9/framework/web/CController.php(782): PostController->renderPartial()
#12 /Users/macbookair/wproject/yii-1.1.14.f0fee9/demos/blog/protected/controllers/PostController.php(136): PostController->render()
#13 /Users/macbookair/wproject/yii-1.1.14.f0fee9/framework/web/actions/CInlineAction.php(49): PostController->actionIndex()
#14 /Users/macbookair/wproject/yii-1.1.14.f0fee9/framework/web/CController.php(308): CInlineAction->runWithParams()
#15 /Users/macbookair/wproject/yii-1.1.14.f0fee9/framework/web/filters/CFilterChain.php(133): PostController->runAction()
#16 /Users/macbookair/wproject/yii-1.1.14.f0fee9/framework/web/filters/CFilter.php(40): CFilterChain->run()
#17 /Users/macbookair/wproject/yii-1.1.14.f0fee9/framework/web/CController.php(1145): CAccessControlFilter->filter()
#18 /Users/macbookair/wproject/yii-1.1.14.f0fee9/framework/web/filters/CInlineFilter.php(58): PostController->filterAccessControl()
#19 /Users/macbookair/wproject/yii-1.1.14.f0fee9/framework/web/filters/CFilterChain.php(130): CInlineFilter->filter()
#20 /Users/macbookair/wproject/yii-1.1.14.f0fee9/framework/web/CController.php(291): CFilterChain->run()
#21 /Users/macbookair/wproject/yii-1.1.14.f0fee9/framework/web/CController.php(265): PostController->runActionWithFilters()
#22 /Users/macbookair/wproject/yii-1.1.14.f0fee9/framework/web/CWebApplication.php(282): PostController->run()
#23 /Users/macbookair/wproject/yii-1.1.14.f0fee9/framework/web/CWebApplication.php(141): CWebApplication->runController()
#24 /Users/macbookair/wproject/yii-1.1.14.f0fee9/framework/base/CApplication.php(180): CWebApplication->processRequest()
#25 /Users/macbookair/wproject/yii-1.1.14.f0fee9/demos/blog/index.php(11): CWebApplication->run()
REQUEST_URI=/yii-1.1.14.f0fee9/demos/blog/index.php/post/index
